<?xml version="1.0" encoding="UTF-8"?>
<!-- Generated by org.testng.reporters.JUnitReportReporter -->
<testsuite hostname="DESKTOP-JHJJCVS" failures="0" tests="4" name="runners.TestAllRunners" time="6.325" errors="0" timestamp="2022-11-04T12:30:31 IST" skipped="0">
  <testcase classname="runners.TestAllRunners" name="runScenario" time="0.132"/>
  <system-out/>
  <testcase classname="runners.TestAllRunners" name="runScenario" time="1.001"/>
  <system-out/>
  <testcase classname="runners.TestAllRunners" name="runScenario" time="0.095"/>
  <system-out/>
  <testcase classname="runners.TestAllRunners" name="runScenario" time="5.097"/>
  <system-out/>
</testsuite> <!-- runners.TestAllRunners -->
